# JRE version: OpenJDK Runtime Environment (11.0.10) (build 11.0.10+0-b96-7249189)
# Java VM: OpenJDK 64-Bit Server VM (11.0.10+0-b96-7249189, mixed mode, tiered, compressed oops, g1 gc, windows-amd64)
Heap:
 garbage-first heap   total 502784K, used 156683K [0x0000000080000000, 0x0000000100000000)
  region size 1024K, 6 young (6144K), 6 survivors (6144K)
 Metaspace       used 105960K, capacity 108846K, committed 109004K, reserved 1142784K
  class space    used 13589K, capacity 14716K, committed 14796K, reserved 1048576K
GC Heap History (20 events):
Event: 72.614 GC heap after
{Heap after GC invocations=82 (full 0):
 garbage-first heap   total 318464K, used 141497K [0x0000000080000000, 0x0000000100000000)
  region size 1024K, 5 young (5120K), 5 survivors (5120K)
 Metaspace       used 104932K, capacity 107694K, committed 107852K, reserved 1142784K
  class space    used 13476K, capacity 14564K, committed 14668K, reserved 1048576K
}
Event: 73.427 GC heap before
{Heap before GC invocations=82 (full 0):
 garbage-first heap   total 318464K, used 256185K [0x0000000080000000, 0x0000000100000000)
  region size 1024K, 118 young (120832K), 5 survivors (5120K)
 Metaspace       used 105395K, capacity 108249K, committed 108492K, reserved 1142784K
  class space    used 13562K, capacity 14688K, committed 14796K, reserved 1048576K
}
Event: 73.442 GC heap after
{Heap after GC invocations=83 (full 0):
 garbage-first heap   total 318464K, used 142727K [0x0000000080000000, 0x0000000100000000)
  region size 1024K, 6 young (6144K), 6 survivors (6144K)
 Metaspace       used 105395K, capacity 108249K, committed 108492K, reserved 1142784K
  class space    used 13562K, capacity 14688K, committed 14796K, reserved 1048576K
}
Event: 74.210 GC heap before
{Heap before GC invocations=83 (full 0):
 garbage-first heap   total 318464K, used 265607K [0x0000000080000000, 0x0000000100000000)
  region size 1024K, 126 young (129024K), 6 survivors (6144K)
 Metaspace       used 105647K, capacity 108495K, committed 108748K, reserved 1142784K
  class space    used 13575K, capacity 14697K, committed 14796K, reserved 1048576K
}
Event: 74.223 GC heap after
{Heap after GC invocations=84 (full 0):
 garbage-first heap   total 318464K, used 142584K [0x0000000080000000, 0x0000000100000000)
  region size 1024K, 6 young (6144K), 6 survivors (6144K)
 Metaspace       used 105647K, capacity 108495K, committed 108748K, reserved 1142784K
  class space    used 13575K, capacity 14697K, committed 14796K, reserved 1048576K
}
Event: 74.978 GC heap before
{Heap before GC invocations=84 (full 0):
 garbage-first heap   total 318464K, used 267512K [0x0000000080000000, 0x0000000100000000)
  region size 1024K, 129 young (132096K), 6 survivors (6144K)
 Metaspace       used 105738K, capacity 108655K, committed 108748K, reserved 1142784K
  class space    used 13579K, capacity 14703K, committed 14796K, reserved 1048576K
}
Event: 74.991 GC heap after
{Heap after GC invocations=85 (full 0):
 garbage-first heap   total 318464K, used 141773K [0x0000000080000000, 0x0000000100000000)
  region size 1024K, 5 young (5120K), 5 survivors (5120K)
 Metaspace       used 105738K, capacity 108655K, committed 108748K, reserved 1142784K
  class space    used 13579K, capacity 14703K, committed 14796K, reserved 1048576K
}
Event: 75.599 GC heap before
{Heap before GC invocations=85 (full 0):
 garbage-first heap   total 318464K, used 271821K [0x0000000080000000, 0x0000000100000000)
  region size 1024K, 132 young (135168K), 5 survivors (5120K)
 Metaspace       used 105785K, capacity 108666K, committed 109004K, reserved 1142784K
  class space    used 13579K, capacity 14704K, committed 14796K, reserved 1048576K
}
Event: 75.618 GC heap after
{Heap after GC invocations=86 (full 0):
 garbage-first heap   total 318464K, used 141519K [0x0000000080000000, 0x0000000100000000)
  region size 1024K, 5 young (5120K), 5 survivors (5120K)
 Metaspace       used 105785K, capacity 108666K, committed 109004K, reserved 1142784K
  class space    used 13579K, capacity 14704K, committed 14796K, reserved 1048576K
}
Event: 76.460 GC heap before
{Heap before GC invocations=86 (full 0):
 garbage-first heap   total 318464K, used 271567K [0x0000000080000000, 0x0000000100000000)
  region size 1024K, 133 young (136192K), 5 survivors (5120K)
 Metaspace       used 105873K, capacity 108750K, committed 109004K, reserved 1142784K
  class space    used 13585K, capacity 14708K, committed 14796K, reserved 1048576K
}
Event: 76.480 GC heap after
{Heap after GC invocations=87 (full 0):
 garbage-first heap   total 318464K, used 144590K [0x0000000080000000, 0x0000000100000000)
  region size 1024K, 8 young (8192K), 8 survivors (8192K)
 Metaspace       used 105873K, capacity 108750K, committed 109004K, reserved 1142784K
  class space    used 13585K, capacity 14708K, committed 14796K, reserved 1048576K
}
Event: 77.093 GC heap before
{Heap before GC invocations=87 (full 0):
 garbage-first heap   total 318464K, used 271566K [0x0000000080000000, 0x0000000100000000)
  region size 1024K, 133 young (136192K), 8 survivors (8192K)
 Metaspace       used 105906K, capacity 108771K, committed 109004K, reserved 1142784K
  class space    used 13587K, capacity 14713K, committed 14796K, reserved 1048576K
}
Event: 77.125 GC heap after
{Heap after GC invocations=88 (full 0):
 garbage-first heap   total 318464K, used 148789K [0x0000000080000000, 0x0000000100000000)
  region size 1024K, 12 young (12288K), 12 survivors (12288K)
 Metaspace       used 105906K, capacity 108771K, committed 109004K, reserved 1142784K
  class space    used 13587K, capacity 14713K, committed 14796K, reserved 1048576K
}
Event: 77.730 GC heap before
{Heap before GC invocations=88 (full 0):
 garbage-first heap   total 318464K, used 271669K [0x0000000080000000, 0x0000000100000000)
  region size 1024K, 132 young (135168K), 12 survivors (12288K)
 Metaspace       used 105923K, capacity 108839K, committed 109004K, reserved 1142784K
  class space    used 13588K, capacity 14714K, committed 14796K, reserved 1048576K
}
Event: 77.792 GC heap after
{Heap after GC invocations=89 (full 0):
 garbage-first heap   total 318464K, used 153621K [0x0000000080000000, 0x0000000100000000)
  region size 1024K, 14 young (14336K), 14 survivors (14336K)
 Metaspace       used 105923K, capacity 108839K, committed 109004K, reserved 1142784K
  class space    used 13588K, capacity 14714K, committed 14796K, reserved 1048576K
}
Event: 78.555 GC heap before
{Heap before GC invocations=89 (full 0):
 garbage-first heap   total 318464K, used 270357K [0x0000000080000000, 0x0000000100000000)
  region size 1024K, 128 young (131072K), 14 survivors (14336K)
 Metaspace       used 105942K, capacity 108841K, committed 109004K, reserved 1142784K
  class space    used 13588K, capacity 14714K, committed 14796K, reserved 1048576K
}
Event: 78.623 GC heap after
{Heap after GC invocations=90 (full 0):
 garbage-first heap   total 318464K, used 157184K [0x0000000080000000, 0x0000000100000000)
  region size 1024K, 10 young (10240K), 10 survivors (10240K)
 Metaspace       used 105942K, capacity 108841K, committed 109004K, reserved 1142784K
  class space    used 13588K, capacity 14714K, committed 14796K, reserved 1048576K
}
Event: 79.226 GC heap before
{Heap before GC invocations=90 (full 0):
 garbage-first heap   total 318464K, used 270848K [0x0000000080000000, 0x0000000100000000)
  region size 1024K, 121 young (123904K), 10 survivors (10240K)
 Metaspace       used 105958K, capacity 108846K, committed 109004K, reserved 1142784K
  class space    used 13589K, capacity 14716K, committed 14796K, reserved 1048576K
}
Event: 79.292 GC heap after
{Heap after GC invocations=91 (full 0):
 garbage-first heap   total 318464K, used 154836K [0x0000000080000000, 0x0000000100000000)
  region size 1024K, 4 young (4096K), 4 survivors (4096K)
 Metaspace       used 105958K, capacity 108846K, committed 109004K, reserved 1142784K
  class space    used 13589K, capacity 14716K, committed 14796K, reserved 1048576K
}
Event: 80.329 GC heap before
{Heap before GC invocations=91 (full 0):
 garbage-first heap   total 318464K, used 271572K [0x0000000080000000, 0x0000000100000000)
  region size 1024K, 119 young (121856K), 4 survivors (4096K)
 Metaspace       used 105960K, capacity 108846K, committed 109004K, reserved 1142784K
  class space    used 13589K, capacity 14716K, committed 14796K, reserved 1048576K
}

